<?xml version="1.0" encoding="UTF-8"?>
<!-- Generated by org.testng.reporters.JUnitReportReporter -->
<testsuite skipped="0" hostname="DESKTOP-IG075DS" name="day6.JSONSchemaValidation" tests="1" failures="0" timestamp="14 Mar 2025 20:29:11 GMT" time="3.878" errors="0">
  <testcase name="testSchemaValidation" time="3.878" classname="day6.JSONSchemaValidation"/>
</testsuite> <!-- day6.JSONSchemaValidation -->
