<?xml version="1.0" encoding="UTF-8"?>
<!-- Generated by org.testng.reporters.JUnitReportReporter -->
<testsuite skipped="0" hostname="DESKTOP-IG075DS" name="day3.HeadersDemo" tests="1" failures="0" timestamp="12 Mar 2025 11:14:49 GMT" time="1.668" errors="0">
  <testcase name="headersDemo" time="1.668" classname="day3.HeadersDemo"/>
</testsuite> <!-- day3.HeadersDemo -->
