<?xml version="1.0" encoding="UTF-8"?>
<!-- Generated by org.testng.reporters.JUnitReportReporter -->
<testsuite skipped="0" hostname="DESKTOP-IG075DS" name="day1.HTTPrequestdemo" tests="4" failures="0" timestamp="10 Feb 2025 14:10:48 GMT" time="3.875" errors="0">
  <testcase name="getListUsers" time="2.227" classname="day1.HTTPrequestdemo"/>
  <testcase name="createUser" time="0.812" classname="day1.HTTPrequestdemo"/>
  <testcase name="updateUser" time="0.449" classname="day1.HTTPrequestdemo"/>
  <testcase name="deleteUser" time="0.387" classname="day1.HTTPrequestdemo"/>
</testsuite> <!-- day1.HTTPrequestdemo -->
