<?xml version="1.0" encoding="UTF-8"?>
<!-- Generated by org.testng.reporters.JUnitReportReporter -->
<testsuite skipped="0" hostname="DESKTOP-IG075DS" name="day2.WaysToCreatePostReqBody" tests="2" failures="0" timestamp="12 Mar 2025 05:51:26 GMT" time="6.136" errors="0">
  <testcase name="postUsingExternalJsonFile" time="4.030" classname="day2.WaysToCreatePostReqBody"/>
  <testcase name="testDelete" time="2.106" classname="day2.WaysToCreatePostReqBody"/>
</testsuite> <!-- day2.WaysToCreatePostReqBody -->
