<?xml version="1.0" encoding="UTF-8"?>
<!-- Generated by org.testng.reporters.JUnitReportReporter -->
<testsuite skipped="0" hostname="DESKTOP-IG075DS" name="day3.CookiesDemo" tests="1" failures="0" timestamp="12 Mar 2025 07:41:40 GMT" time="1.766" errors="0">
  <testcase name="getCookieInfo" time="1.766" classname="day3.CookiesDemo"/>
</testsuite> <!-- day3.CookiesDemo -->
