<?xml version="1.0" encoding="UTF-8"?>
<!-- Generated by org.testng.reporters.JUnitReportReporter -->
<testsuite skipped="0" hostname="DESKTOP-IG075DS" name="day8.ChainingGetUser" tests="1" failures="0" timestamp="21 Mar 2025 20:07:55 GMT" time="0.397" errors="0">
  <testcase name="getUser" time="0.397" classname="day8.ChainingGetUser"/>
</testsuite> <!-- day8.ChainingGetUser -->
