<?xml version="1.0" encoding="UTF-8"?>
<!-- Generated by org.testng.reporters.JUnitReportReporter -->
<testsuite skipped="0" hostname="DESKTOP-IG075DS" name="day6.SerilizationDeserilization" tests="1" failures="0" timestamp="15 Mar 2025 10:48:45 GMT" time="0.182" errors="0">
  <testcase name="testJSON2Pojo" time="0.182" classname="day6.SerilizationDeserilization"/>
</testsuite> <!-- day6.SerilizationDeserilization -->
