<?xml version="1.0" encoding="UTF-8"?>
<!-- Generated by org.testng.reporters.JUnitReportReporter -->
<testsuite skipped="0" hostname="DESKTOP-IG075DS" name="day6.XMLSchemaValidation" tests="1" failures="0" timestamp="14 Mar 2025 20:50:49 GMT" time="2.740" errors="0">
  <testcase name="testXMLSchemaValidation" time="2.740" classname="day6.XMLSchemaValidation"/>
</testsuite> <!-- day6.XMLSchemaValidation -->
