<?xml version="1.0" encoding="UTF-8"?>
<!-- Generated by org.testng.reporters.JUnitReportReporter -->
<testsuite skipped="0" hostname="DESKTOP-IG075DS" name="day5.ParsingXMLResponse" tests="1" failures="0" timestamp="14 Mar 2025 16:24:46 GMT" time="3.026" errors="0">
  <testcase name="testXMLResponse" time="3.026" classname="day5.ParsingXMLResponse"/>
</testsuite> <!-- day5.ParsingXMLResponse -->
