<?xml version="1.0" encoding="UTF-8"?>
<!-- Generated by org.testng.reporters.JUnitReportReporter -->
<testsuite skipped="0" hostname="DESKTOP-IG075DS" name="day3.PathAndQueryParameter" tests="1" failures="0" timestamp="12 Mar 2025 06:46:36 GMT" time="1.932" errors="0">
  <testcase name="testpathAndQueryPara" time="1.932" classname="day3.PathAndQueryParameter"/>
</testsuite> <!-- day3.PathAndQueryParameter -->
