<?xml version="1.0" encoding="UTF-8"?>
<!-- Generated by org.testng.reporters.JUnitReportReporter -->
<testsuite skipped="0" hostname="DESKTOP-IG075DS" name="day4.ParsingJSONResponseData" tests="1" failures="0" timestamp="14 Mar 2025 01:23:43 GMT" time="4.730" errors="0">
  <testcase name="testJsonResponse" time="4.730" classname="day4.ParsingJSONResponseData"/>
</testsuite> <!-- day4.ParsingJSONResponseData -->
