<?xml version="1.0" encoding="UTF-8"?>
<!-- Generated by org.testng.reporters.JUnitReportReporter -->
<testsuite skipped="0" hostname="DESKTOP-IG075DS" name="day7.FakeDataGenerator" tests="1" failures="0" timestamp="17 Mar 2025 12:00:57 GMT" time="0.177" errors="0">
  <testcase name="creatFakeData" time="0.177" classname="day7.FakeDataGenerator"/>
</testsuite> <!-- day7.FakeDataGenerator -->
