<?xml version="1.0" encoding="UTF-8"?>
<!-- Generated by org.testng.reporters.JUnitReportReporter -->
<testsuite skipped="0" hostname="DESKTOP-IG075DS" name="day8.ChainingDeleteUser" tests="1" failures="0" timestamp="21 Mar 2025 20:07:55 GMT" time="0.319" errors="0">
  <testcase name="deleteUser" time="0.319" classname="day8.ChainingDeleteUser"/>
</testsuite> <!-- day8.ChainingDeleteUser -->
