<?xml version="1.0" encoding="UTF-8"?>
<!-- Generated by org.testng.reporters.JUnitReportReporter -->
<testsuite skipped="0" hostname="DESKTOP-IG075DS" name="day3.LoggingDemo" tests="1" failures="0" timestamp="12 Mar 2025 11:28:20 GMT" time="2.088" errors="0">
  <testcase name="logExample" time="2.088" classname="day3.LoggingDemo"/>
</testsuite> <!-- day3.LoggingDemo -->
