<?xml version="1.0" encoding="UTF-8"?>
<!-- Generated by org.testng.reporters.JUnitReportReporter -->
<testsuite skipped="0" hostname="DESKTOP-IG075DS" name="demotestng.ExampleValidationSauceDemo" tests="1" failures="0" timestamp="13 Nov 2024 03:23:29 GMT" time="51.030" errors="0">
  <testcase name="validationLoginLogout" time="51.030" classname="demotestng.ExampleValidationSauceDemo"/>
</testsuite> <!-- demotestng.ExampleValidationSauceDemo -->
